This is pdfTeX, Version 3.14159265-2.6-1.40.21 (MiKTeX 20.12) (preloaded format=pdflatex 2021.1.15)  21 FEB 2021 22:38
entering extended mode
**./fitFfm_vignette_02_20_2021.tex
(fitFfm_vignette_02_20_2021.tex
LaTeX2e <2020-10-01> patch level 4
L3 programming layer <2021-01-09> xparse <2020-03-03>
("C:\Program Files\MiKTeX 2.9\tex/latex/base\article.cls"
Document Class: article 2020/04/10 v1.4m Standard LaTeX document class
("C:\Program Files\MiKTeX 2.9\tex/latex/base\size10.clo"
File: size10.clo 2020/04/10 v1.4m Standard LaTeX file (size option)
)
\c@part=\count177
\c@section=\count178
\c@subsection=\count179
\c@subsubsection=\count180
\c@paragraph=\count181
\c@subparagraph=\count182
\c@figure=\count183
\c@table=\count184
\abovecaptionskip=\skip47
\belowcaptionskip=\skip48
\bibindent=\dimen138
)
("C:\Program Files\MiKTeX 2.9\tex/latex/graphics\graphicx.sty"
Package: graphicx 2020/09/09 v1.2b Enhanced LaTeX Graphics (DPC,SPQR)

("C:\Program Files\MiKTeX 2.9\tex/latex/graphics\keyval.sty"
Package: keyval 2014/10/28 v1.15 key=value parser (DPC)
\KV@toks@=\toks15
)
("C:\Program Files\MiKTeX 2.9\tex/latex/graphics\graphics.sty"
Package: graphics 2020/08/30 v1.4c Standard LaTeX Graphics (DPC,SPQR)

("C:\Program Files\MiKTeX 2.9\tex/latex/graphics\trig.sty"
Package: trig 2016/01/03 v1.10 sin cos tan (DPC)
)
("C:\Program Files\MiKTeX 2.9\tex/latex/graphics-cfg\graphics.cfg"
File: graphics.cfg 2016/06/04 v1.11 sample graphics configuration
)
Package graphics Info: Driver file: pdftex.def on input line 105.

("C:\Program Files\MiKTeX 2.9\tex/latex/graphics-def\pdftex.def"
File: pdftex.def 2020/10/05 v1.2a Graphics/color driver for pdftex
))
\Gin@req@height=\dimen139
\Gin@req@width=\dimen140
)
("C:\Program Files\MiKTeX 2.9\tex/latex/graphics\color.sty"
Package: color 2020/02/24 v1.2b Standard LaTeX Color (DPC)

("C:\Program Files\MiKTeX 2.9\tex/latex/graphics-cfg\color.cfg"
File: color.cfg 2016/01/02 v1.6 sample color configuration
)
Package color Info: Driver file: pdftex.def on input line 147.
)
(C:\Users\cocok\AppData\Roaming\MiKTeX\2.9\tex/latex/framed\framed.sty
Package: framed 2011/10/22 v 0.96: framed or shaded text with page breaks
\OuterFrameSep=\skip49
\fb@frw=\dimen141
\fb@frh=\dimen142
\FrameRule=\dimen143
\FrameSep=\dimen144
)
("C:\Program Files\MiKTeX 2.9\tex/latex/base\alltt.sty"
Package: alltt 1997/06/16 v2.0g defines alltt environment
)
(C:/R/R-36~1.1/share/texmf/tex/latex\Rd.sty
Package: Rd 

("C:\Program Files\MiKTeX 2.9\tex/latex/base\ifthen.sty"
Package: ifthen 2014/09/29 v1.1c Standard LaTeX ifthen package (DPC)
)
(C:/R/R-36~1.1/share/texmf/tex/latex\longtable.sty
Package: longtable 2020/01/07 v4.13 Multi-page Table package (DPC)
\LTleft=\skip50
\LTright=\skip51
\LTpre=\skip52
\LTpost=\skip53
\LTchunksize=\count185
\LTcapwidth=\dimen145
\LT@head=\box47
\LT@firsthead=\box48
\LT@foot=\box49
\LT@lastfoot=\box50
\LT@cols=\count186
\LT@rows=\count187
\c@LT@tables=\count188
\c@LT@chunks=\count189
\LT@p@ftn=\toks16
)
(C:/R/R-36~1.1/share/texmf/tex/latex\bm.sty
Package: bm 2019/07/24 v1.2d Bold Symbol Support (DPC/FMi)
\symboldoperators=\mathgroup4
\symboldletters=\mathgroup5
\symboldsymbols=\mathgroup6
LaTeX Font Info:    Redeclaring math alphabet \mathbf on input line 141.
LaTeX Info: Redefining \bm on input line 209.
)
(C:/R/R-36~1.1/share/texmf/tex/latex\verbatim.sty
Package: verbatim 2020-07-07 v1.5u LaTeX2e package for verbatim enhancements
\every@verbatim=\toks17
\verbatim@line=\toks18
\verbatim@in@stream=\read2
)
("C:\Program Files\MiKTeX 2.9\tex/latex/url\url.sty"
\Urlmuskip=\muskip16
Package: url 2013/09/16  ver 3.4  Verb mode for urls, etc.
)
("C:\Program Files\MiKTeX 2.9\tex/latex/base\textcomp.sty"
Package: textcomp 2020/02/02 v2.0n Standard LaTeX package
)
\ldescriptionwidth=\skip54
)
("C:\Program Files\MiKTeX 2.9\tex/latex/amsmath\amsmath.sty"
Package: amsmath 2020/09/23 v2.17i AMS math features
\@mathmargin=\skip55

For additional information on amsmath, use the `?' option.
("C:\Program Files\MiKTeX 2.9\tex/latex/amsmath\amstext.sty"
Package: amstext 2000/06/29 v2.01 AMS text

("C:\Program Files\MiKTeX 2.9\tex/latex/amsmath\amsgen.sty"
File: amsgen.sty 1999/11/30 v2.0 generic functions
\@emptytoks=\toks19
\ex@=\dimen146
))
("C:\Program Files\MiKTeX 2.9\tex/latex/amsmath\amsbsy.sty"
Package: amsbsy 1999/11/29 v1.2d Bold Symbols
LaTeX Info: Redefining \boldsymbol on input line 28.
\pmbraise@=\dimen147
)
("C:\Program Files\MiKTeX 2.9\tex/latex/amsmath\amsopn.sty"
Package: amsopn 2016/03/08 v2.02 operator names
)
\inf@bad=\count190
LaTeX Info: Redefining \frac on input line 234.
\uproot@=\count191
\leftroot@=\count192
LaTeX Info: Redefining \overline on input line 399.
\classnum@=\count193
\DOTSCASE@=\count194
LaTeX Info: Redefining \ldots on input line 496.
LaTeX Info: Redefining \dots on input line 499.
LaTeX Info: Redefining \cdots on input line 620.
\Mathstrutbox@=\box51
\strutbox@=\box52
\big@size=\dimen148
LaTeX Font Info:    Redeclaring font encoding OML on input line 743.
LaTeX Font Info:    Redeclaring font encoding OMS on input line 744.
\macc@depth=\count195
\c@MaxMatrixCols=\count196
\dotsspace@=\muskip17
\c@parentequation=\count197
\dspbrk@lvl=\count198
\tag@help=\toks20
\row@=\count199
\column@=\count266
\maxfields@=\count267
\andhelp@=\toks21
\eqnshift@=\dimen149
\alignsep@=\dimen150
\tagshift@=\dimen151
\tagwidth@=\dimen152
\totwidth@=\dimen153
\lineht@=\dimen154
\@envbody=\toks22
\multlinegap=\skip56
\multlinetaggap=\skip57
\mathdisplay@stack=\toks23
LaTeX Info: Redefining \[ on input line 2923.
LaTeX Info: Redefining \] on input line 2924.
)
(C:\Users\cocok\AppData\Roaming\MiKTeX\2.9\tex/latex/natbib\natbib.sty
Package: natbib 2010/09/13 8.31b (PWD, AO)
\bibhang=\skip58
\bibsep=\skip59
LaTeX Info: Redefining \cite on input line 694.
\c@NAT@ctr=\count268
)
("C:\Program Files\MiKTeX 2.9\tex/latex/base\inputenc.sty"
Package: inputenc 2020/08/01 v1.3d Input encoding file
\inpenc@prehook=\toks24
\inpenc@posthook=\toks25

("C:\Program Files\MiKTeX 2.9\tex/latex/base\latin1.def"
File: latin1.def 2020/08/01 v1.3d Input encoding file
))
("C:\Program Files\MiKTeX 2.9\tex/latex/lm\lmodern.sty"
Package: lmodern 2009/10/30 v1.6 Latin Modern Fonts
LaTeX Font Info:    Overwriting symbol font `operators' in version `normal'
(Font)                  OT1/cmr/m/n --> OT1/lmr/m/n on input line 22.
LaTeX Font Info:    Overwriting symbol font `letters' in version `normal'
(Font)                  OML/cmm/m/it --> OML/lmm/m/it on input line 23.
LaTeX Font Info:    Overwriting symbol font `symbols' in version `normal'
(Font)                  OMS/cmsy/m/n --> OMS/lmsy/m/n on input line 24.
LaTeX Font Info:    Overwriting symbol font `largesymbols' in version `normal'
(Font)                  OMX/cmex/m/n --> OMX/lmex/m/n on input line 25.
LaTeX Font Info:    Overwriting symbol font `operators' in version `bold'
(Font)                  OT1/cmr/bx/n --> OT1/lmr/bx/n on input line 26.
LaTeX Font Info:    Overwriting symbol font `letters' in version `bold'
(Font)                  OML/cmm/b/it --> OML/lmm/b/it on input line 27.
LaTeX Font Info:    Overwriting symbol font `symbols' in version `bold'
(Font)                  OMS/cmsy/b/n --> OMS/lmsy/b/n on input line 28.
LaTeX Font Info:    Overwriting symbol font `largesymbols' in version `bold'
(Font)                  OMX/cmex/m/n --> OMX/lmex/m/n on input line 29.
LaTeX Font Info:    Overwriting math alphabet `\mathbf' in version `normal'
(Font)                  OT1/cmr/bx/n --> OT1/lmr/bx/n on input line 31.
LaTeX Font Info:    Overwriting math alphabet `\mathsf' in version `normal'
(Font)                  OT1/cmss/m/n --> OT1/lmss/m/n on input line 32.
LaTeX Font Info:    Overwriting math alphabet `\mathit' in version `normal'
(Font)                  OT1/cmr/m/it --> OT1/lmr/m/it on input line 33.
LaTeX Font Info:    Overwriting math alphabet `\mathtt' in version `normal'
(Font)                  OT1/cmtt/m/n --> OT1/lmtt/m/n on input line 34.
LaTeX Font Info:    Overwriting math alphabet `\mathbf' in version `bold'
(Font)                  OT1/cmr/bx/n --> OT1/lmr/bx/n on input line 35.
LaTeX Font Info:    Overwriting math alphabet `\mathsf' in version `bold'
(Font)                  OT1/cmss/bx/n --> OT1/lmss/bx/n on input line 36.
LaTeX Font Info:    Overwriting math alphabet `\mathit' in version `bold'
(Font)                  OT1/cmr/bx/it --> OT1/lmr/bx/it on input line 37.
LaTeX Font Info:    Overwriting math alphabet `\mathtt' in version `bold'
(Font)                  OT1/cmtt/m/n --> OT1/lmtt/m/n on input line 38.
)
("C:\Program Files\MiKTeX 2.9\tex/latex/base\fontenc.sty"
Package: fontenc 2020/08/10 v2.0s Standard LaTeX package
LaTeX Font Info:    Trying to load font information for T1+lmr on input line 11
2.

("C:\Program Files\MiKTeX 2.9\tex/latex/lm\t1lmr.fd"
File: t1lmr.fd 2009/10/30 v1.6 Font defs for Latin Modern
))
(C:\Users\cocok\AppData\Roaming\MiKTeX\2.9\tex/latex/upquote\upquote.sty
Package: upquote 2012/04/19 v1.3 upright-quote and grave-accent glyphs in verba
tim
)
("C:\Program Files\MiKTeX 2.9\tex/latex/l3backend\l3backend-pdftex.def"
File: l3backend-pdftex.def 2021-01-09 L3 backend support: PDF output (pdfTeX)
\l__kernel_color_stack_int=\count269
\l__pdf_internal_box=\box53
)
(fitFfm_vignette_02_20_2021.aux)
\openout1 = `fitFfm_vignette_02_20_2021.aux'.

LaTeX Font Info:    Checking defaults for OML/cmm/m/it on input line 75.
LaTeX Font Info:    ... okay on input line 75.
LaTeX Font Info:    Checking defaults for OMS/cmsy/m/n on input line 75.
LaTeX Font Info:    ... okay on input line 75.
LaTeX Font Info:    Checking defaults for OT1/cmr/m/n on input line 75.
LaTeX Font Info:    ... okay on input line 75.
LaTeX Font Info:    Checking defaults for T1/cmr/m/n on input line 75.
LaTeX Font Info:    ... okay on input line 75.
LaTeX Font Info:    Checking defaults for TS1/cmr/m/n on input line 75.
LaTeX Font Info:    ... okay on input line 75.
LaTeX Font Info:    Checking defaults for OMX/cmex/m/n on input line 75.
LaTeX Font Info:    ... okay on input line 75.
LaTeX Font Info:    Checking defaults for U/cmr/m/n on input line 75.
LaTeX Font Info:    ... okay on input line 75.

("C:\Program Files\MiKTeX 2.9\tex/context/base/mkii\supp-pdf.mkii"
[Loading MPS to PDF converter (version 2006.09.02).]
\scratchcounter=\count270
\scratchdimen=\dimen155
\scratchbox=\box54
\nofMPsegments=\count271
\nofMParguments=\count272
\everyMPshowfont=\toks26
\MPscratchCnt=\count273
\MPscratchDim=\dimen156
\MPnumerator=\count274
\makeMPintoPDFobject=\count275
\everyMPtoPDFconversion=\toks27
) ("C:\Program Files\MiKTeX 2.9\tex/latex/epstopdf-pkg\epstopdf-base.sty"
Package: epstopdf-base 2020-01-24 v2.11 Base part for package epstopdf
Package epstopdf-base Info: Redefining graphics rule for `.eps' on input line 4
85.
)
LaTeX Font Info:    Trying to load font information for OT1+lmr on input line 8
1.

("C:\Program Files\MiKTeX 2.9\tex/latex/lm\ot1lmr.fd"
File: ot1lmr.fd 2009/10/30 v1.6 Font defs for Latin Modern
)
LaTeX Font Info:    Trying to load font information for OML+lmm on input line 8
1.

("C:\Program Files\MiKTeX 2.9\tex/latex/lm\omllmm.fd"
File: omllmm.fd 2009/10/30 v1.6 Font defs for Latin Modern
)
LaTeX Font Info:    Trying to load font information for OMS+lmsy on input line 
81.

("C:\Program Files\MiKTeX 2.9\tex/latex/lm\omslmsy.fd"
File: omslmsy.fd 2009/10/30 v1.6 Font defs for Latin Modern
)
LaTeX Font Info:    Trying to load font information for OMX+lmex on input line 
81.

("C:\Program Files\MiKTeX 2.9\tex/latex/lm\omxlmex.fd"
File: omxlmex.fd 2009/10/30 v1.6 Font defs for Latin Modern
)
LaTeX Font Info:    External font `lmex10' loaded for size
(Font)              <12> on input line 81.
LaTeX Font Info:    External font `lmex10' loaded for size
(Font)              <8> on input line 81.
LaTeX Font Info:    External font `lmex10' loaded for size
(Font)              <6> on input line 81.
LaTeX Font Info:    Trying to load font information for T1+lmtt on input line 8
4.

("C:\Program Files\MiKTeX 2.9\tex/latex/lm\t1lmtt.fd"
File: t1lmtt.fd 2009/10/30 v1.6 Font defs for Latin Modern
)
(fitFfm_vignette_02_20_2021.toc
LaTeX Font Info:    External font `lmex10' loaded for size
(Font)              <10> on input line 2.
LaTeX Font Info:    External font `lmex10' loaded for size
(Font)              <7> on input line 2.
LaTeX Font Info:    External font `lmex10' loaded for size
(Font)              <5> on input line 2.
)
\tf@toc=\write3
\openout3 = `fitFfm_vignette_02_20_2021.toc'.

 [1

{C:/Users/cocok/AppData/Local/MiKTeX/2.9/pdftex/config/pdftex.map}]
Package color Info: Redefining color shadecolor on input line 98.
LaTeX Font Info:    Font shape `T1/lmtt/bx/n' in size <10> not available
(Font)              Font shape `T1/lmtt/b/n' tried instead on input line 100.
Package color Info: Redefining color shadecolor on input line 106.
LaTeX Font Info:    Trying to load font information for TS1+lmr on input line 1
23.
 ("C:\Program Files\MiKTeX 2.9\tex/latex/lm\ts1lmr.fd"
File: ts1lmr.fd 2009/10/30 v1.6 Font defs for Latin Modern
)
Overfull \hbox (7.7075pt too wide) in paragraph at lines 123--124
[]\T1/lmtt/m/n/10 fit.method, rob.stats, full.resid.cov, z.score, add.intercept
, lag.exposures,  
 []

[2] [3]
Package color Info: Redefining color shadecolor on input line 151.
LaTeX Font Info:    Trying to load font information for TS1+lmtt on input line 
160.
 ("C:\Program Files\MiKTeX 2.9\tex/latex/lm\ts1lmtt.fd"
File: ts1lmtt.fd 2009/10/30 v1.6 Font defs for Latin Modern
)
Package color Info: Redefining color shadecolor on input line 171.
 [4] [5]
Package color Info: Redefining color shadecolor on input line 231.

[6]
Package color Info: Redefining color shadecolor on input line 260.

Overfull \hbox (8.9574pt too wide) in paragraph at lines 268--268
[]\T1/lmtt/b/n/10 ## Error in `rownames<-`(`*tmp*`, value = factor.names): atte
mpt to set 'rownames'
 []

Package color Info: Redefining color shadecolor on input line 273.
[7]
Package color Info: Redefining color shadecolor on input line 291.
Package color Info: Redefining color shadecolor on input line 304.

Overfull \hbox (3.70741pt too wide) in paragraph at lines 312--312
[]\T1/lmtt/b/n/10 ## Error in plot(fit.single, which = 6, f.sub = 1): object 'f
it.single' not found[] 
 []

[8]
Package color Info: Redefining color shadecolor on input line 333.
Package color Info: Redefining color shadecolor on input line 370.
 [9] [10]
Package color Info: Redefining color shadecolor on input line 412.

Overfull \hbox (8.9574pt too wide) in paragraph at lines 419--419
[]\T1/lmtt/b/n/10 ## Error in xy.coords(x, y, xlabel, ylabel, log): 'x' is a li
st, but does not have
 []

Package color Info: Redefining color shadecolor on input line 425.
Package color Info: Redefining color shadecolor on input line 452.

Overfull \hbox (3.70741pt too wide) in paragraph at lines 455--455
[][]\T1/lmtt/b/n/10 plot[][]\T1/lmtt/m/n/10 (fit.mkt.sector,[] []which[][]=[][]
1[][],[] []colorset[][]=[][]"black"[][],[] []f.sub[][]=[][]1[][]:[][]10[][],[] 
[]lwd[][]=[][]1[][],[] []sort.by[][]=[][]"mean"[][])[][] 
 []


Overfull \hbox (8.9574pt too wide) in paragraph at lines 459--459
[]\T1/lmtt/b/n/10 ## Error in xy.coords(x, y, xlabel, ylabel, log): 'x' is a li
st, but does not have
 []

[11] [12]
Package color Info: Redefining color shadecolor on input line 470.

Overfull \hbox (3.70741pt too wide) in paragraph at lines 478--478
[][]\T1/lmtt/b/n/10 print[][]\T1/lmtt/m/n/10 (adj.r2_style.sector[] []<-[] []1[
][]-[][](([][]447[][]-[][]1[][])[][]*[][]([][]1[][]-[][]\T1/lmtt/b/n/10 mean[][
]\T1/lmtt/m/n/10 (fit.style.sector[][]$[][]r2))[][]/[][]([][]447[][]-[][]12[][]
-[][]1[][])))[][] 
 []

Package color Info: Redefining color shadecolor on input line 495.

Overfull \hbox (8.9574pt too wide) in paragraph at lines 501--501
[]\T1/lmtt/b/n/10 ## Error in xy.coords(x, y, xlabel, ylabel, log): 'x' is a li
st, but does not have
 []

Package color Info: Redefining color shadecolor on input line 505.

Overfull \hbox (8.9574pt too wide) in paragraph at lines 511--511
[]\T1/lmtt/b/n/10 ## Error in xy.coords(x, y, xlabel, ylabel, log): 'x' is a li
st, but does not have
 []

Package color Info: Redefining color shadecolor on input line 515.

Overfull \hbox (35.20732pt too wide) in paragraph at lines 517--517
[][]\T1/lmtt/b/n/10 plot[][]\T1/lmtt/m/n/10 (fit.style.sector,[] []which[][]=[]
[]12[][],[] []f.sub[][]=[][]1[][]:[][]3[][],[] []las[][]=[][]2[][],[] []legend.
loc[][]=[][]"bottom"[][],[] []cex.legend[][]=[][]0.75[][])[][] 
 []


Overfull \hbox (8.9574pt too wide) in paragraph at lines 521--521
[]\T1/lmtt/b/n/10 ## Error in xy.coords(x, y, xlabel, ylabel, log): 'x' is a li
st, but does not have
 []

Package color Info: Redefining color shadecolor on input line 525.
[13]
Overfull \hbox (8.9574pt too wide) in paragraph at lines 531--531
[]\T1/lmtt/b/n/10 ## Error in xy.coords(x, y, xlabel, ylabel, log): 'x' is a li
st, but does not have
 []

Package color Info: Redefining color shadecolor on input line 535.

Overfull \hbox (8.9574pt too wide) in paragraph at lines 541--541
[]\T1/lmtt/b/n/10 ## Error in xy.coords(x, y, xlabel, ylabel, log): 'x' is a li
st, but does not have
 []

[14]
Package color Info: Redefining color shadecolor on input line 567.

Overfull \hbox (8.9574pt too wide) in paragraph at lines 586--586
[]\T1/lmtt/b/n/10 ## Error in xy.coords(x, y, xlabel, ylabel, log): 'x' is a li
st, but does not have
 []

[15]
Package color Info: Redefining color shadecolor on input line 612.

Overfull \hbox (8.9574pt too wide) in paragraph at lines 673--673
[]\T1/lmtt/b/n/10 ## Error in xy.coords(x, y, xlabel, ylabel, log): 'x' is a li
st, but does not have
 []

[16] [17]
Package color Info: Redefining color shadecolor on input line 689.

Overfull \hbox (8.9574pt too wide) in paragraph at lines 720--720
[]\T1/lmtt/b/n/10 ## Error in xy.coords(x, y, xlabel, ylabel, log): 'x' is a li
st, but does not have
 []

[18]
Package color Info: Redefining color shadecolor on input line 736.

Overfull \hbox (8.9574pt too wide) in paragraph at lines 771--771
[]\T1/lmtt/b/n/10 ## Error in xy.coords(x, y, xlabel, ylabel, log): 'x' is a li
st, but does not have
 []

[19]
Package color Info: Redefining color shadecolor on input line 780.
Package color Info: Redefining color shadecolor on input line 795.
 [20]
Package color Info: Redefining color shadecolor on input line 823.

Overfull \hbox (8.9574pt too wide) in paragraph at lines 830--830
[]\T1/lmtt/b/n/10 ## Error in xy.coords(x, y, xlabel, ylabel, log): 'x' is a li
st, but does not have
 []

[21]
Package color Info: Redefining color shadecolor on input line 844.
Package color Info: Redefining color shadecolor on input line 871.

Overfull \hbox (8.9574pt too wide) in paragraph at lines 877--877
[]\T1/lmtt/b/n/10 ## Error in xy.coords(x, y, xlabel, ylabel, log): 'x' is a li
st, but does not have
 []

Package color Info: Redefining color shadecolor on input line 881.

Overfull \hbox (8.9574pt too wide) in paragraph at lines 887--887
[]\T1/lmtt/b/n/10 ## Error in xy.coords(x, y, xlabel, ylabel, log): 'x' is a li
st, but does not have
 []

Package color Info: Redefining color shadecolor on input line 891.
[22]
Overfull \hbox (8.9574pt too wide) in paragraph at lines 897--897
[]\T1/lmtt/b/n/10 ## Error in xy.coords(x, y, xlabel, ylabel, log): 'x' is a li
st, but does not have
 []


Overfull \hbox (8.9574pt too wide) in paragraph at lines 902--902
[]\T1/lmtt/b/n/10 ## Error in int_abline(a = a, b = b, h = h, v = v, untf = unt
f, ...): plot.new has
 []

[23] (fitFfm_vignette_02_20_2021.bbl) [24] (fitFfm_vignette_02_20_2021.aux) ) 
Here is how much of TeX's memory you used:
 3383 strings out of 479692
 46166 string characters out of 2873385
 339019 words of memory out of 3000000
 20379 multiletter control sequences out of 15000+200000
 482062 words of font info for 87 fonts, out of 3000000 for 9000
 1141 hyphenation exceptions out of 8191
 68i,10n,74p,1189b,321s stack positions out of 5000i,500n,10000p,200000b,50000s
{C
:/Program Files/MiKTeX 2.9/fonts/enc/dvips/lm/lm-ec.enc}{C:/Program Files/MiKTe
X 2.9/fonts/enc/dvips/lm/lm-mathex.enc}{C:/Program Files/MiKTeX 2.9/fonts/enc/d
vips/lm/lm-mathsy.enc}{C:/Program Files/MiKTeX 2.9/fonts/enc/dvips/lm/lm-rm.enc
}{C:/Program Files/MiKTeX 2.9/fonts/enc/dvips/lm/lm-mathit.enc}{C:/Program File
s/MiKTeX 2.9/fonts/enc/dvips/lm/lm-ts1.enc}<C:/Program Files/MiKTeX 2.9/fonts/t
ype1/public/amsfonts/cm/cmbx10.pfb><C:/Program Files/MiKTeX 2.9/fonts/type1/pub
lic/amsfonts/cm/cmmib10.pfb><C:/Program Files/MiKTeX 2.9/fonts/type1/public/lm/
lmbx10.pfb><C:/Program Files/MiKTeX 2.9/fonts/type1/public/lm/lmbx12.pfb><C:/Pr
ogram Files/MiKTeX 2.9/fonts/type1/public/lm/lmbx7.pfb><C:/Program Files/MiKTeX
 2.9/fonts/type1/public/lm/lmbx9.pfb><C:/Program Files/MiKTeX 2.9/fonts/type1/p
ublic/lm/lmex10.pfb><C:/Program Files/MiKTeX 2.9/fonts/type1/public/lm/lmmi10.p
fb><C:/Program Files/MiKTeX 2.9/fonts/type1/public/lm/lmmi7.pfb><C:/Program Fil
es/MiKTeX 2.9/fonts/type1/public/lm/lmr10.pfb><C:/Program Files/MiKTeX 2.9/font
s/type1/public/lm/lmr12.pfb><C:/Program Files/MiKTeX 2.9/fonts/type1/public/lm/
lmr17.pfb><C:/Program Files/MiKTeX 2.9/fonts/type1/public/lm/lmr6.pfb><C:/Progr
am Files/MiKTeX 2.9/fonts/type1/public/lm/lmr7.pfb><C:/Program Files/MiKTeX 2.9
/fonts/type1/public/lm/lmr8.pfb><C:/Program Files/MiKTeX 2.9/fonts/type1/public
/lm/lmr9.pfb><C:/Program Files/MiKTeX 2.9/fonts/type1/public/lm/lmri10.pfb><C:/
Program Files/MiKTeX 2.9/fonts/type1/public/lm/lmsy10.pfb><C:/Program Files/MiK
TeX 2.9/fonts/type1/public/lm/lmsy5.pfb><C:/Program Files/MiKTeX 2.9/fonts/type
1/public/lm/lmsy7.pfb><C:/Program Files/MiKTeX 2.9/fonts/type1/public/lm/lmtk10
.pfb><C:/Program Files/MiKTeX 2.9/fonts/type1/public/lm/lmtt10.pfb><C:/Program 
Files/MiKTeX 2.9/fonts/type1/public/lm/lmtt9.pfb><C:/Program Files/MiKTeX 2.9/f
onts/type1/public/lm/lmtti10.pfb>
Output written on fitFfm_vignette_02_20_2021.pdf (24 pages, 501142 bytes).
PDF statistics:
 193 PDF objects out of 1000 (max. 8388607)
 0 named destinations out of 1000 (max. 500000)
 1 words of extra memory for PDF output out of 10000 (max. 10000000)

